<?xml version="1.0" encoding="UTF-8"?>
<!-- Generated by org.testng.reporters.JUnitReportReporter -->
<testsuite hostname="DESKTOP-GG4RRM6" failures="0" tests="1" name="com.jqueryui.runners.APITestRunner" time="0.443" errors="0" timestamp="1 Jun 2021 18:54:46 GMT">
  <testcase classname="com.jqueryui.runners.APITestRunner" name="runCukes" time="0.443"/>
</testsuite> <!-- com.jqueryui.runners.APITestRunner -->
